Sat May 10 21:41:18 2025
 [INFO] Socket created
Sat May 10 21:41:18 2025
 [INFO] Server listening on port 8080
Sat May 10 21:41:18 2025
 [INFO] Setting up routes
Sat May 10 21:41:18 2025
 [INFO] Server starring
Sat May 10 21:42:00 2025
 [INFO] Parsing HTTP request
Sat May 10 21:42:00 2025
 [INFO] Handing HTTP request for URI: /register
Sat May 10 21:42:21 2025
 [INFO] Socket created
Sat May 10 21:42:21 2025
 [INFO] Server listening on port 8080
Sat May 10 21:42:21 2025
 [INFO] Setting up routes
Sat May 10 21:42:21 2025
 [INFO] Server starring
Sat May 10 21:42:51 2025
 [INFO] Socket created
Sat May 10 21:42:51 2025
 [INFO] Server listening on port 8080
Sat May 10 21:42:51 2025
 [INFO] Setting up routes
Sat May 10 21:42:51 2025
 [INFO] Server starring
Sat May 10 21:43:43 2025
 [INFO] Socket created
Sat May 10 21:43:43 2025
 [INFO] Server listening on port 8080
Sat May 10 21:43:43 2025
 [INFO] Setting up routes
Sat May 10 21:43:43 2025
 [INFO] Server starring
Sat May 10 21:43:46 2025
 [INFO] Parsing HTTP request
Sat May 10 21:43:46 2025
 [INFO] Handing HTTP request for URI: /register
Sat May 10 21:44:53 2025
 [INFO] Parsing HTTP request
Sat May 10 21:44:53 2025
 [INFO] Handing HTTP request for URI: /
Sat May 10 21:45:03 2025
 [INFO] Parsing HTTP request
Sat May 10 21:45:03 2025
 [INFO] Handing HTTP request for URI: /login
Sat May 10 21:46:05 2025
 [INFO] Socket created
Sat May 10 21:46:05 2025
 [INFO] Server listening on port 8080
Sat May 10 21:46:05 2025
 [INFO] Setting up routes
Sat May 10 21:46:05 2025
 [INFO] Server starting
Sat May 10 21:46:09 2025
 [INFO] Parsing HTTP request
Sat May 10 21:46:09 2025
 [INFO] Handing HTTP request for URI: /login
Sat May 10 21:48:20 2025
 [INFO] Parsing HTTP request
Sat May 10 21:48:20 2025
 [INFO] Handing HTTP request for URI: /register
Sat May 10 22:01:42 2025
 [INFO] Socket created
Sat May 10 22:01:42 2025
 [INFO] Server listening on port 8080
Sat May 10 22:01:42 2025
 [INFO] Setting up routes
Sat May 10 22:01:42 2025
 [INFO] Server starting
Sat May 10 22:01:45 2025
 [INFO] Parsing HTTP request
Sat May 10 22:01:45 2025
 [INFO] Handing HTTP request for URI: /register
Sat May 10 22:01:51 2025
 [INFO] Parsing HTTP request
Sat May 10 22:01:51 2025
 [INFO] Handing HTTP request for URI: /register
Sat May 10 22:02:11 2025
 [INFO] Parsing HTTP request
Sat May 10 22:02:11 2025
 [INFO] Handing HTTP request for URI: /register1
Sat May 10 22:02:11 2025
 [ERROR] 404 Not Found
Sat May 10 22:02:32 2025
 [INFO] Parsing HTTP request
Sat May 10 22:02:32 2025
 [INFO] Handing HTTP request for URI: /register
Fri May 16 21:24:07 2025
 [INFO] Socket created
Fri May 16 21:24:07 2025
 [INFO] Server listening on port 8080
Fri May 16 21:24:07 2025
 [INFO] Setting up routes
Fri May 16 21:24:07 2025
 [INFO] Server starting
Fri May 16 21:24:12 2025
 [INFO] Parsing HTTP request
Fri May 16 21:24:12 2025
 [INFO] Handing HTTP request for URI: /register
Fri May 16 21:27:54 2025
 [INFO] Socket created
Fri May 16 21:27:54 2025
 [INFO] Server listening on port 8080
Fri May 16 21:27:54 2025
 [INFO] Setting up routes
Fri May 16 21:27:54 2025
 [INFO] Server starting
Fri May 16 21:28:02 2025
 [INFO] Parsing HTTP request
Fri May 16 21:28:02 2025
 [INFO] Handing HTTP request for URI: /register
Fri May 16 21:28:02 2025
 [INFO] Parsing body: POST /register HTTP/1.1
Host: localhost:8080
User-Agent: curl/7.68.0
Accept: */*


Fri May 16 21:28:02 2025
 [ERROR] Error parsing: POST /register HTTP/1.1
Host: localhost:8080
User-Agent: curl/7.68.0
Accept: */*


Fri May 16 21:28:02 2025
 [INFO] Failed to prepare registration SQL for user: 
Fri May 16 21:30:24 2025
 [INFO] Parsing HTTP request
Fri May 16 21:30:24 2025
 [INFO] Handing HTTP request for URI: /register
Fri May 16 21:30:24 2025
 [INFO] Parsing body: POST /register HTTP/1.1
Host: localhost:8080
User-Agent: curl/7.68.0
Accept: */*
Content-Length: 35
Content-Type: application/x-www-form-urlencoded

username=testuser&password=testpass
Fri May 16 21:30:24 2025
 [INFO] Parsed key-value pair: POST /register HTTP/1.1
Host: localhost:8080
User-Agent: curl/7.68.0
Accept: */*
Content-Length: 35
Content-Type: application/x-www-form-urlencoded

username = testuser
Fri May 16 21:30:24 2025
 [INFO] Parsed key-value pair: password = testpass
Fri May 16 21:30:24 2025
 [INFO] Failed to prepare registration SQL for user: 
Fri May 16 21:35:56 2025
 [INFO] Socket created
Fri May 16 21:35:56 2025
 [INFO] Server listening on port 8080
Fri May 16 21:35:56 2025
 [INFO] Setting up routes
Fri May 16 21:35:56 2025
 [INFO] Server starting
Fri May 16 21:36:01 2025
 [INFO] Parsing HTTP request
Fri May 16 21:36:01 2025
 [INFO] Handing HTTP request for URI: /register
Fri May 16 21:36:01 2025
 [INFO] Parsing body: POST /register HTTP/1.1
Host: localhost:8080
User-Agent: curl/7.68.0
Accept: */*
Content-Length: 35
Content-Type: application/x-www-form-urlencoded

username=testuser&password=testpass
Fri May 16 21:36:01 2025
 [INFO] Parsed key-value pair: POST /register HTTP/1.1
Host: localhost:8080
User-Agent: curl/7.68.0
Accept: */*
Content-Length: 35
Content-Type: application/x-www-form-urlencoded

username = testuser
Fri May 16 21:36:01 2025
 [INFO] Parsed key-value pair: password = testpass
Fri May 16 21:36:01 2025
 [INFO] Failed to prepare registration SQL for user: 
Fri May 16 21:48:47 2025
 [INFO] Socket created
Fri May 16 21:48:47 2025
 [INFO] Server listening on port 8080
Fri May 16 21:48:47 2025
 [INFO] Setting up routes
Fri May 16 21:48:47 2025
 [INFO] Server starting
Fri May 16 21:48:50 2025
 [INFO] Parsing HTTP request
Fri May 16 21:48:50 2025
 [INFO] Handing HTTP request for URI: /register
Fri May 16 21:48:50 2025
 [INFO] Parsing body: POST /register HTTP/1.1
Host: localhost:8080
User-Agent: curl/7.68.0
Accept: */*
Content-Length: 35
Content-Type: application/x-www-form-urlencoded

username=testuser&password=testpass
Fri May 16 21:48:50 2025
 [INFO] Parsed key-value pair: POST /register HTTP/1.1
Host: localhost:8080
User-Agent: curl/7.68.0
Accept: */*
Content-Length: 35
Content-Type: application/x-www-form-urlencoded

username = testuser
Fri May 16 21:48:50 2025
 [INFO] Parsed key-value pair: password = testpass
Fri May 16 21:48:50 2025
 [INFO] Failed to prepare registration SQL for user: 
Fri May 16 21:57:04 2025
 [INFO] Socket created
Fri May 16 21:57:04 2025
 [INFO] Server listening on port 8080
Fri May 16 21:57:04 2025
 [INFO] Setting up routes
Fri May 16 21:57:04 2025
 [INFO] Server starting
Fri May 16 21:57:07 2025
 [INFO] Parsing HTTP request
Fri May 16 21:57:07 2025
 [INFO] Handing HTTP request for URI: /register
Fri May 16 21:57:07 2025
 [INFO] Parsing body: username=testuser&password=testpass
Fri May 16 21:57:07 2025
 [INFO] Parsed key-value pair: username = testuser
Fri May 16 21:57:07 2025
 [INFO] Parsed key-value pair: password = testpass
Fri May 16 21:57:07 2025
 [INFO] Failed to prepare registration SQL for user: testuser
Fri May 16 22:02:46 2025
 [INFO] Socket created
Fri May 16 22:02:46 2025
 [INFO] Server listening on port 8080
Fri May 16 22:02:46 2025
 [INFO] Setting up routes
Fri May 16 22:02:46 2025
 [INFO] Server starting
Fri May 16 22:02:49 2025
 [INFO] Parsing HTTP request
Fri May 16 22:02:49 2025
 [INFO] Handing HTTP request for URI: /register
Fri May 16 22:02:49 2025
 [INFO] Parsing body: username=testuser&password=testpass
Fri May 16 22:02:49 2025
 [INFO] Parsed key-value pair: username = testuser
Fri May 16 22:02:49 2025
 [INFO] Parsed key-value pair: password = testpass
Fri May 16 22:02:49 2025
 [INFO] Error 1: Failed to prepare registration SQL for user: testuser
Fri May 16 22:09:50 2025
 [INFO] Socket created
Fri May 16 22:09:50 2025
 [INFO] Server listening on port 8080
Fri May 16 22:09:50 2025
 [INFO] Setting up routes
Fri May 16 22:09:50 2025
 [INFO] Server starting
Fri May 16 22:09:53 2025
 [INFO] Parsing HTTP request
Fri May 16 22:09:53 2025
 [INFO] Handing HTTP request for URI: /register
Fri May 16 22:09:53 2025
 [INFO] Parsing body: username=testuser&password=testpass
Fri May 16 22:09:53 2025
 [INFO] Parsed key-value pair: username = testuser
Fri May 16 22:09:53 2025
 [INFO] Parsed key-value pair: password = testpass
Fri May 16 22:09:53 2025
 [INFO] Error 1: Failed to prepare registration SQL for user: testuser
Fri May 16 22:14:55 2025
 [INFO] Socket created
Fri May 16 22:14:55 2025
 [INFO] Server listening on port 8080
Fri May 16 22:14:55 2025
 [INFO] Setting up routes
Fri May 16 22:14:55 2025
 [INFO] Server starting
Fri May 16 22:14:58 2025
 [INFO] Parsing HTTP request
Fri May 16 22:14:58 2025
 [INFO] Handing HTTP request for URI: /register
Fri May 16 22:14:58 2025
 [INFO] Parsing body: username=testuser&password=testpass
Fri May 16 22:14:58 2025
 [INFO] Parsed key-value pair: username = testuser
Fri May 16 22:14:58 2025
 [INFO] Parsed key-value pair: password = testpass
Fri May 16 22:14:58 2025
 [INFO] Error 1: Failed to prepare registration SQL for user: testuser
Fri May 16 22:16:22 2025
 [INFO] Socket created
Fri May 16 22:16:22 2025
 [INFO] Server listening on port 8080
Fri May 16 22:16:22 2025
 [INFO] Setting up routes
Fri May 16 22:16:22 2025
 [INFO] Server starting
Fri May 16 22:16:27 2025
 [INFO] Parsing HTTP request
Fri May 16 22:16:27 2025
 [INFO] Handing HTTP request for URI: /register
Fri May 16 22:16:27 2025
 [INFO] Parsing body: username=testuser&password=testpass
Fri May 16 22:16:27 2025
 [INFO] Parsed key-value pair: username = testuser
Fri May 16 22:16:27 2025
 [INFO] Parsed key-value pair: password = testpass
Fri May 16 22:16:27 2025
 [INFO] User registered: testuser with password: testpass
Fri May 16 22:18:19 2025
 [INFO] Parsing HTTP request
Fri May 16 22:18:19 2025
 [INFO] Handing HTTP request for URI: /register
Fri May 16 22:18:19 2025
 [INFO] Parsing body: username=testuser&password=testpass
Fri May 16 22:18:19 2025
 [INFO] Parsed key-value pair: username = testuser
Fri May 16 22:18:19 2025
 [INFO] Parsed key-value pair: password = testpass
Fri May 16 22:18:19 2025
 [INFO] Registration failed for user: testuser
Fri May 16 22:21:17 2025
 [INFO] Socket created
Fri May 16 22:21:17 2025
 [INFO] Server listening on port 8080
Fri May 16 22:21:17 2025
 [INFO] Setting up routes
Fri May 16 22:21:17 2025
 [INFO] Server starting
Fri May 16 22:21:20 2025
 [INFO] Parsing HTTP request
Fri May 16 22:21:20 2025
 [INFO] Handing HTTP request for URI: /register
Fri May 16 22:21:20 2025
 [INFO] Parsing body: username=testuser&password=testpass
Fri May 16 22:21:20 2025
 [INFO] Parsed key-value pair: username = testuser
Fri May 16 22:21:20 2025
 [INFO] Parsed key-value pair: password = testpass
Fri May 16 22:21:20 2025
 [INFO] error 1: Registration failed for user: testuser
Fri May 16 22:22:52 2025
 [INFO] Parsing HTTP request
Fri May 16 22:22:52 2025
 [INFO] Handing HTTP request for URI: /login
Fri May 16 22:22:52 2025
 [INFO] Parsing body: username=testuser&password=testpass
Fri May 16 22:22:52 2025
 [INFO] Parsed key-value pair: username = testuser
Fri May 16 22:22:52 2025
 [INFO] Parsed key-value pair: password = testpass
Fri May 16 22:22:52 2025
 [INFO] User logged in: testuser
Fri May 16 22:23:12 2025
 [INFO] Parsing HTTP request
Fri May 16 22:23:12 2025
 [INFO] Handing HTTP request for URI: /login
Fri May 16 22:23:12 2025
 [INFO] Parsing body: username=testuser&password=testpass1
Fri May 16 22:23:12 2025
 [INFO] Parsed key-value pair: username = testuser
Fri May 16 22:23:12 2025
 [INFO] Parsed key-value pair: password = testpass1
Fri May 16 22:23:12 2025
 [INFO] Login failed for user: testuser password: testpass1 stored password is testpass
Sun May 18 20:27:46 2025
 [INFO] Set socket 4 to non-blocking
Sun May 18 20:27:46 2025
 [INFO] Socket created
Sun May 18 20:27:46 2025
 [INFO] Server listening on port 8080
Sun May 18 20:27:46 2025
 [INFO] Setting up routes
Sun May 18 20:27:46 2025
 [INFO] Routes set up
Sun May 18 20:27:46 2025
 [INFO] Epoll instance created with fd 5
Sun May 18 20:27:46 2025
 [INFO] Server socket added to epoll instance
Sun May 18 20:27:46 2025
 [INFO] Waiting for events


Sun May 18 20:27:58 2025
 [INFO] Set socket 4 to non-blocking
Sun May 18 20:27:58 2025
 [INFO] Socket created
Sun May 18 20:27:58 2025
 [INFO] Server listening on port 8080
Sun May 18 20:27:58 2025
 [INFO] Setting up routes
Sun May 18 20:27:58 2025
 [INFO] Routes set up
Sun May 18 20:27:58 2025
 [INFO] Epoll instance created with fd 5
Sun May 18 20:27:58 2025
 [INFO] Server socket added to epoll instance
Sun May 18 20:27:58 2025
 [INFO] Waiting for events
Sun May 18 20:28:12 2025
 [INFO] 1 events ready
Sun May 18 20:28:12 2025
 [INFO] Server socket event triggered
Sun May 18 20:28:12 2025
 [INFO] Set socket 6 to non-blocking
Sun May 18 20:28:12 2025
 [INFO] New connection accepted: fd 6
Sun May 18 20:28:12 2025
 [INFO] Waiting for events
Sun May 18 20:28:12 2025
 [INFO] 1 events ready
Sun May 18 20:28:12 2025
 [INFO] Handling client socket event: fd 6
Sun May 18 20:28:12 2025
 [INFO] Parsing HTTP request
Sun May 18 20:28:12 2025
 [INFO] Handing HTTP request for URI: /login
Sun May 18 20:28:12 2025
 [INFO] Parsing body: username=testuser&password=testpass1
Sun May 18 20:28:12 2025
 [INFO] Parsed key-value pair: username = testuser
Sun May 18 20:28:12 2025
 [INFO] Parsed key-value pair: password = testpass1
Sun May 18 20:28:12 2025
 [INFO] Login failed for user: testuser password: testpass1 stored password is testpass
Sun May 18 20:28:12 2025
 [INFO] Closed connection on fd 6
Sun May 18 20:28:12 2025
 [INFO] Waiting for events
Sun May 18 20:28:17 2025
 [INFO] 1 events ready
Sun May 18 20:28:17 2025
 [INFO] Server socket event triggered
Sun May 18 20:28:17 2025
 [INFO] Set socket 6 to non-blocking
Sun May 18 20:28:17 2025
 [INFO] New connection accepted: fd 6
Sun May 18 20:28:17 2025
 [INFO] Waiting for events
Sun May 18 20:28:17 2025
 [INFO] 1 events ready
Sun May 18 20:28:17 2025
 [INFO] Handling client socket event: fd 6
Sun May 18 20:28:17 2025
 [INFO] Parsing HTTP request
Sun May 18 20:28:17 2025
 [INFO] Handing HTTP request for URI: /login
Sun May 18 20:28:17 2025
 [INFO] Parsing body: username=testuser&password=testpass1
Sun May 18 20:28:17 2025
 [INFO] Parsed key-value pair: username = testuser
Sun May 18 20:28:17 2025
 [INFO] Parsed key-value pair: password = testpass1
Sun May 18 20:28:17 2025
 [INFO] Login failed for user: testuser password: testpass1 stored password is testpass
Sun May 18 20:28:17 2025
 [INFO] Closed connection on fd 6
Sun May 18 20:28:17 2025
 [INFO] Waiting for events
Sun May 18 20:28:56 2025
 [INFO] 1 events ready
Sun May 18 20:28:56 2025
 [INFO] Server socket event triggered
Sun May 18 20:28:56 2025
 [INFO] Set socket 6 to non-blocking
Sun May 18 20:28:56 2025
 [INFO] New connection accepted: fd 6
Sun May 18 20:28:56 2025
 [INFO] Waiting for events
Sun May 18 20:28:56 2025
 [INFO] 1 events ready
Sun May 18 20:28:56 2025
 [INFO] Handling client socket event: fd 6
Sun May 18 20:28:56 2025
 [INFO] Parsing HTTP request
Sun May 18 20:28:56 2025
 [INFO] Handing HTTP request for URI: /login
Sun May 18 20:28:56 2025
 [INFO] Parsing body: username=testuser&password=testpass
Sun May 18 20:28:56 2025
 [INFO] Parsed key-value pair: username = testuser
Sun May 18 20:28:56 2025
 [INFO] Parsed key-value pair: password = testpass
Sun May 18 20:28:56 2025
 [INFO] User logged in: testuser
Sun May 18 20:28:56 2025
 [INFO] Closed connection on fd 6
Sun May 18 20:28:56 2025
 [INFO] Waiting for events


Sun May 18 20:33:47 2025
 [INFO] Set socket 4 to non-blocking
Sun May 18 20:33:47 2025
 [INFO] Socket created
Sun May 18 20:33:47 2025
 [INFO] Server listening on port 8080
Sun May 18 20:33:47 2025
 [INFO] Setting up routes
Sun May 18 20:33:47 2025
 [INFO] Routes set up
Sun May 18 20:33:47 2025
 [INFO] Epoll instance created with fd 5
Sun May 18 20:33:47 2025
 [INFO] Server socket added to epoll instance
Sun May 18 20:33:47 2025
 [INFO] Waiting for events...
Sun May 18 20:34:13 2025
 [INFO] 1 events ready
Sun May 18 20:34:13 2025
 [INFO] Server socket event triggered
Sun May 18 20:34:13 2025
 [INFO] Set socket 6 to non-blocking
Sun May 18 20:34:13 2025
 [INFO] New connection accepted: fd 6
Sun May 18 20:34:13 2025
 [INFO] Waiting for events...
Sun May 18 20:34:13 2025
 [INFO] 1 events ready
Sun May 18 20:34:13 2025
 [INFO] Handling client socket event: fd 6
Sun May 18 20:34:13 2025
 [INFO] Parsing HTTP request
Sun May 18 20:34:13 2025
 [INFO] Handing HTTP request for URI: /register
Sun May 18 20:34:13 2025
 [INFO] Closed connection on fd 6
Sun May 18 20:34:13 2025
 [INFO] Waiting for events...
Sun May 18 20:35:09 2025
 [INFO] 1 events ready
Sun May 18 20:35:09 2025
 [INFO] Server socket event triggered
Sun May 18 20:35:09 2025
 [INFO] Set socket 6 to non-blocking
Sun May 18 20:35:09 2025
 [INFO] New connection accepted: fd 6
Sun May 18 20:35:09 2025
 [INFO] Waiting for events...
Sun May 18 20:35:09 2025
 [INFO] 1 events ready
Sun May 18 20:35:09 2025
 [INFO] Handling client socket event: fd 6
Sun May 18 20:35:09 2025
 [INFO] Parsing HTTP request
Sun May 18 20:35:09 2025
 [INFO] Handing HTTP request for URI: /login
Sun May 18 20:35:09 2025
 [INFO] Parsing body: username=testuser&password=testpass
Sun May 18 20:35:09 2025
 [INFO] Parsed key-value pair: username = testuser
Sun May 18 20:35:09 2025
 [INFO] Parsed key-value pair: password = testpass
Sun May 18 20:35:09 2025
 [INFO] User logged in: testuser
Sun May 18 20:35:09 2025
 [INFO] Closed connection on fd 6
Sun May 18 20:35:09 2025
 [INFO] Waiting for events...
Sun May 18 20:35:36 2025
 [INFO] 1 events ready
Sun May 18 20:35:36 2025
 [INFO] Server socket event triggered
Sun May 18 20:35:36 2025
 [INFO] Set socket 6 to non-blocking
Sun May 18 20:35:36 2025
 [INFO] New connection accepted: fd 6
Sun May 18 20:35:36 2025
 [INFO] Waiting for events...
Sun May 18 20:35:36 2025
 [INFO] 1 events ready
Sun May 18 20:35:36 2025
 [INFO] Handling client socket event: fd 6
Sun May 18 20:35:36 2025
 [INFO] Parsing HTTP request
Sun May 18 20:35:36 2025
 [INFO] Handing HTTP request for URI: /register
Sun May 18 20:35:36 2025
 [INFO] Parsing body: username=testuser&password=testpass
Sun May 18 20:35:36 2025
 [INFO] Parsed key-value pair: username = testuser
Sun May 18 20:35:36 2025
 [INFO] Parsed key-value pair: password = testpass
Sun May 18 20:35:36 2025
 [INFO] error 1: Registration failed for user: testuser
Sun May 18 20:35:36 2025
 [INFO] Closed connection on fd 6
Sun May 18 20:35:36 2025
 [INFO] Waiting for events...
Sun May 18 20:36:07 2025
 [INFO] 1 events ready
Sun May 18 20:36:07 2025
 [INFO] Server socket event triggered
Sun May 18 20:36:07 2025
 [INFO] Set socket 6 to non-blocking
Sun May 18 20:36:07 2025
 [INFO] New connection accepted: fd 6
Sun May 18 20:36:07 2025
 [INFO] Waiting for events...
Sun May 18 20:36:07 2025
 [INFO] 1 events ready
Sun May 18 20:36:07 2025
 [INFO] Handling client socket event: fd 6
Sun May 18 20:36:07 2025
 [INFO] Parsing HTTP request
Sun May 18 20:36:07 2025
 [INFO] Handing HTTP request for URI: /register
Sun May 18 20:36:07 2025
 [INFO] Parsing body: username=testuser5&password=testpass5
Sun May 18 20:36:07 2025
 [INFO] Parsed key-value pair: username = testuser5
Sun May 18 20:36:07 2025
 [INFO] Parsed key-value pair: password = testpass5
Sun May 18 20:36:07 2025
 [INFO] User registered: testuser5 with password: testpass5
Sun May 18 20:36:07 2025
 [INFO] Closed connection on fd 6
Sun May 18 20:36:07 2025
 [INFO] Waiting for events...
Sun May 18 20:36:33 2025
 [INFO] 1 events ready
Sun May 18 20:36:33 2025
 [INFO] Server socket event triggered
Sun May 18 20:36:33 2025
 [INFO] Set socket 6 to non-blocking
Sun May 18 20:36:33 2025
 [INFO] New connection accepted: fd 6
Sun May 18 20:36:33 2025
 [INFO] Waiting for events...
Sun May 18 20:36:33 2025
 [INFO] 1 events ready
Sun May 18 20:36:33 2025
 [INFO] Handling client socket event: fd 6
Sun May 18 20:36:33 2025
 [INFO] Parsing HTTP request
Sun May 18 20:36:33 2025
 [INFO] Handing HTTP request for URI: /login
Sun May 18 20:36:33 2025
 [INFO] Parsing body: username=testuser5&password=testpass5
Sun May 18 20:36:33 2025
 [INFO] Parsed key-value pair: username = testuser5
Sun May 18 20:36:33 2025
 [INFO] Parsed key-value pair: password = testpass5
Sun May 18 20:36:33 2025
 [INFO] User logged in: testuser5
Sun May 18 20:36:33 2025
 [INFO] Closed connection on fd 6
Sun May 18 20:36:33 2025
 [INFO] Waiting for events...
Thu May 22 18:20:55 2025
 [INFO] Set socket 4 to non-blocking
Thu May 22 18:20:55 2025
 [INFO] Socket created
Thu May 22 18:20:55 2025
 [INFO] Server listening on port 8080
Thu May 22 18:20:55 2025
 [INFO] Setting up routes
Thu May 22 18:20:55 2025
 [INFO] Routes set up
Thu May 22 18:20:55 2025
 [INFO] Epoll instance created with fd 5
Thu May 22 18:20:55 2025
 [INFO] Server socket added to epoll instance
Thu May 22 18:20:55 2025
 [INFO] Thread pool created with 4 threads
Thu May 22 18:20:55 2025
 [INFO] Waiting for events...
Thu May 22 18:21:25 2025
 [INFO] 1 events ready
Thu May 22 18:21:25 2025
 [INFO] Server socket event triggered
Thu May 22 18:21:25 2025
 [INFO] Set socket 6 to non-blocking
Thu May 22 18:21:25 2025
 [INFO] New connection accepted: fd 6
Thu May 22 18:21:25 2025
 [INFO] Waiting for events...
Thu May 22 18:21:25 2025
 [INFO] 1 events ready
Thu May 22 18:21:25 2025
 [INFO] Handling client socket event: fd 6
Thu May 22 18:21:25 2025
 [INFO] Waiting for events...
Thu May 22 18:21:25 2025
 [INFO] Parsing HTTP request
Thu May 22 18:21:25 2025
 [INFO] Handing HTTP request for URI: /login
Thu May 22 18:21:25 2025
 [INFO] Parsing body: username=testuser5&password=testpass5
Thu May 22 18:21:25 2025
 [INFO] Parsed key-value pair: username = testuser5
Thu May 22 18:21:25 2025
 [INFO] Parsed key-value pair: password = testpass5
Thu May 22 18:21:25 2025
 [INFO] User logged in: testuser5
Thu May 22 18:21:25 2025
 [INFO] Closed connection on fd 6
Thu May 22 18:21:41 2025
 [INFO] 1 events ready
Thu May 22 18:21:41 2025
 [INFO] Server socket event triggered
Thu May 22 18:21:41 2025
 [INFO] Set socket 6 to non-blocking
Thu May 22 18:21:41 2025
 [INFO] New connection accepted: fd 6
Thu May 22 18:21:41 2025
 [INFO] Waiting for events...
Thu May 22 18:21:41 2025
 [INFO] 1 events ready
Thu May 22 18:21:41 2025
 [INFO] Handling client socket event: fd 6
Thu May 22 18:21:41 2025
 [INFO] Waiting for events...
Thu May 22 18:21:41 2025
 [INFO] Parsing HTTP request
Thu May 22 18:21:41 2025
 [INFO] Handing HTTP request for URI: /register
Thu May 22 18:21:41 2025
 [INFO] Parsing body: username=testuser5&password=testpass5
Thu May 22 18:21:41 2025
 [INFO] Parsed key-value pair: username = testuser5
Thu May 22 18:21:41 2025
 [INFO] Parsed key-value pair: password = testpass5
Thu May 22 18:21:41 2025
 [INFO] error 1: Registration failed for user: testuser5
Thu May 22 18:21:41 2025
 [INFO] Closed connection on fd 6


Sun May 25 12:22:23 2025
 [INFO] Server listening on port 8080
Sun May 25 12:22:23 2025
 [INFO] Set socket 4 to non-blocking
Sun May 25 12:22:23 2025
 [INFO] Epoll instance created with fd 5
Sun May 25 12:22:23 2025
 [INFO] Server socket added to epoll instance
Sun May 25 12:22:41 2025
 [INFO] Set socket 6 to non-blocking
Sun May 25 12:22:41 2025
 [INFO] Parsing body: username=testuser&password=testpass
Sun May 25 12:22:41 2025
 [INFO] Parsed key-value pair: username = testuser
Sun May 25 12:22:41 2025
 [INFO] Parsed key-value pair: password = testpass
Sun May 25 12:22:41 2025
 [INFO] error 1: Registration failed for user: testuser
Sun May 25 12:22:41 2025
 [INFO] Closed connection on fd 6
Sun May 25 12:23:23 2025
 [INFO] Set socket 6 to non-blocking
Sun May 25 12:23:23 2025
 [INFO] Closed connection on fd 6
Sun May 25 12:24:36 2025
 [INFO] Set socket 6 to non-blocking
Sun May 25 12:24:36 2025
 [INFO] Parsing body: username=testuser2&password=testpass2
Sun May 25 12:24:36 2025
 [INFO] Parsed key-value pair: username = testuser2
Sun May 25 12:24:36 2025
 [INFO] Parsed key-value pair: password = testpass2
Sun May 25 12:24:36 2025
 [INFO] User registered: testuser2 with password: testpass2
Sun May 25 12:24:36 2025
 [INFO] Closed connection on fd 6
Sun May 25 12:30:38 2025
 [INFO] Server listening on port 8080
Sun May 25 12:30:38 2025
 [INFO] Set socket 4 to non-blocking
Sun May 25 12:30:38 2025
 [INFO] Epoll instance created with fd 5
Sun May 25 12:30:38 2025
 [INFO] Server socket added to epoll instance
Sun May 25 12:30:41 2025
 [INFO] Set socket 6 to non-blocking
Sun May 25 12:30:41 2025
 [INFO] Closed connection on fd 6
Sun May 25 12:31:50 2025
 [INFO] Server listening on port 8080
Sun May 25 12:31:50 2025
 [INFO] Set socket 4 to non-blocking
Sun May 25 12:31:50 2025
 [INFO] Epoll instance created with fd 5
Sun May 25 12:31:50 2025
 [INFO] Server socket added to epoll instance
Sun May 25 12:31:53 2025
 [INFO] Set socket 6 to non-blocking
Sun May 25 12:31:53 2025
 [INFO] Closed connection on fd 6
Sun May 25 12:32:04 2025
 [INFO] Set socket 6 to non-blocking
Sun May 25 12:32:04 2025
 [INFO] Parsing body: username=testuser2&password=testpass2
Sun May 25 12:32:04 2025
 [INFO] Parsed key-value pair: username = testuser2
Sun May 25 12:32:04 2025
 [INFO] Parsed key-value pair: password = testpass2
Sun May 25 12:32:04 2025
 [INFO] error 1: Registration failed for user: testuser2
Sun May 25 12:32:04 2025
 [INFO] Closed connection on fd 6
Sun May 25 12:32:26 2025
 [INFO] Set socket 6 to non-blocking
Sun May 25 12:32:26 2025
 [INFO] Parsing body: username=testuser3&password=testpass3
Sun May 25 12:32:26 2025
 [INFO] Parsed key-value pair: username = testuser3
Sun May 25 12:32:26 2025
 [INFO] Parsed key-value pair: password = testpass3
Sun May 25 12:32:26 2025
 [INFO] User registered: testuser3 with password: testpass3
Sun May 25 12:32:26 2025
 [INFO] Closed connection on fd 6
Sun May 25 12:32:35 2025
 [INFO] Set socket 6 to non-blocking
Sun May 25 12:32:35 2025
 [INFO] Parsing body: username=testuser5&password=testpass5
Sun May 25 12:32:35 2025
 [INFO] Parsed key-value pair: username = testuser5
Sun May 25 12:32:35 2025
 [INFO] Parsed key-value pair: password = testpass5
Sun May 25 12:32:35 2025
 [INFO] User logged in: testuser5
Sun May 25 12:32:35 2025
 [INFO] Closed connection on fd 6
Sun May 25 12:33:38 2025
 [INFO] Server listening on port 8080
Sun May 25 12:33:38 2025
 [INFO] Set socket 4 to non-blocking
Sun May 25 12:33:38 2025
 [INFO] Epoll instance created with fd 5
Sun May 25 12:33:38 2025
 [INFO] Server socket added to epoll instance
Sun May 25 12:33:43 2025
 [INFO] Set socket 6 to non-blocking
Sun May 25 12:33:43 2025
 [INFO] Closed connection on fd 6
Sun May 25 12:33:48 2025
 [INFO] Set socket 6 to non-blocking
Sun May 25 12:33:49 2025
 [INFO] Parsing body: username=testuser5&password=testpass5
Sun May 25 12:33:49 2025
 [INFO] Parsed key-value pair: username = testuser5
Sun May 25 12:33:49 2025
 [INFO] Parsed key-value pair: password = testpass5
Sun May 25 12:33:49 2025
 [INFO] User logged in: testuser5
Sun May 25 12:33:49 2025
 [INFO] Closed connection on fd 6


Sun May 25 14:40:27 2025
 [INFO] Server listening on port 8080
Sun May 25 14:40:27 2025
 [INFO] Set socket 4 to non-blocking
Sun May 25 14:40:27 2025
 [INFO] Epoll instance created with fd 5
Sun May 25 14:40:27 2025
 [INFO] Server socket added to epoll instance
Sun May 25 14:40:34 2025
 [INFO] Set socket 6 to non-blocking
Sun May 25 14:40:34 2025
 [INFO] Closed connection on fd 6
Sun May 25 14:40:34 2025
 [INFO] Set socket 6 to non-blocking
Sun May 25 14:40:34 2025
 [INFO] Set socket 7 to non-blocking
Sun May 25 14:40:35 2025
 [INFO] Closed connection on fd 6
Sun May 25 14:41:16 2025
 [INFO] Set socket 6 to non-blocking
Sun May 25 14:41:16 2025
 [INFO] Parsing body: username=testuser5&password=testpass5
Sun May 25 14:41:16 2025
 [INFO] Parsed key-value pair: username = testuser5
Sun May 25 14:41:16 2025
 [INFO] Parsed key-value pair: password = testpass5
Sun May 25 14:41:16 2025
 [INFO] User logged in: testuser5
Sun May 25 14:41:16 2025
 [INFO] Closed connection on fd 6
Sun May 25 14:41:39 2025
 [INFO] Set socket 6 to non-blocking
Sun May 25 14:41:39 2025
 [INFO] Closed connection on fd 6
Sun May 25 14:42:20 2025
 [INFO] Set socket 6 to non-blocking
Sun May 25 14:42:20 2025
 [INFO] Closed connection on fd 6
Sun May 25 14:42:20 2025
 [INFO] Set socket 6 to non-blocking
Sun May 25 14:42:20 2025
 [INFO] Set socket 8 to non-blocking
Sun May 25 14:42:21 2025
 [INFO] Closed connection on fd 6
Sun May 25 14:45:47 2025
 [INFO] Server listening on port 8080
Sun May 25 14:45:47 2025
 [INFO] Set socket 4 to non-blocking
Sun May 25 14:45:47 2025
 [INFO] Epoll instance created with fd 5
Sun May 25 14:45:47 2025
 [INFO] Server socket added to epoll instance
Sun May 25 14:45:57 2025
 [INFO] Server listening on port 8080
Sun May 25 14:45:57 2025
 [INFO] Set socket 4 to non-blocking
Sun May 25 14:45:57 2025
 [INFO] Epoll instance created with fd 5
Sun May 25 14:45:57 2025
 [INFO] Server socket added to epoll instance
Sun May 25 14:46:00 2025
 [INFO] Set socket 6 to non-blocking
Sun May 25 14:46:00 2025
 [INFO] Closed connection on fd 6
Sun May 25 14:46:15 2025
 [INFO] Set socket 6 to non-blocking
Sun May 25 14:46:15 2025
 [INFO] Closed connection on fd 6
Sun May 25 14:46:15 2025
 [INFO] Set socket 6 to non-blocking
Sun May 25 14:46:15 2025
 [INFO] Set socket 7 to non-blocking
Sun May 25 14:46:16 2025
 [INFO] Closed connection on fd 6
Sun May 25 14:46:57 2025
 [INFO] Set socket 6 to non-blocking
Sun May 25 14:46:57 2025
 [INFO] Closed connection on fd 6
Sun May 25 14:46:57 2025
 [INFO] Set socket 6 to non-blocking
Sun May 25 14:47:07 2025
 [INFO] Set socket 8 to non-blocking
Sun May 25 14:47:07 2025
 [INFO] Closed connection on fd 8
Sun May 25 14:49:32 2025
 [INFO] Set socket 8 to non-blocking
Sun May 25 14:49:32 2025
 [INFO] Closed connection on fd 8


Sun May 25 15:53:53 2025
 [INFO] Server listening on port 8080
Sun May 25 15:53:53 2025
 [INFO] Set socket 4 to non-blocking
Sun May 25 15:53:53 2025
 [INFO] Epoll instance created with fd 5
Sun May 25 15:53:53 2025
 [INFO] Server socket added to epoll instance
Sun May 25 15:55:33 2025
 [INFO] Server listening on port 8080
Sun May 25 15:55:33 2025
 [INFO] Set socket 4 to non-blocking
Sun May 25 15:55:33 2025
 [INFO] Epoll instance created with fd 5
Sun May 25 15:55:33 2025
 [INFO] Server socket added to epoll instance
Sun May 25 15:55:49 2025
 [INFO] Set socket 6 to non-blocking
Sun May 25 15:55:49 2025
 [INFO] Parsing body: username=testuser5&password=testpass5
Sun May 25 15:55:49 2025
 [INFO] Parsed key-value pair: username = testuser5
Sun May 25 15:55:49 2025
 [INFO] Parsed key-value pair: password = testpass5
Sun May 25 15:55:49 2025
 [INFO] User logged in: testuser5
Sun May 25 15:55:49 2025
 [INFO] Closed connection on fd 6
Sun May 25 15:56:12 2025
 [INFO] Server listening on port 8080
Sun May 25 15:56:12 2025
 [INFO] Set socket 4 to non-blocking
Sun May 25 15:56:12 2025
 [INFO] Epoll instance created with fd 5
Sun May 25 15:56:12 2025
 [INFO] Server socket added to epoll instance
Sun May 25 15:56:17 2025
 [INFO] Set socket 6 to non-blocking
Sun May 25 15:56:17 2025
 [INFO] Parsing body: username=testuser5&password=testpass5
Sun May 25 15:56:17 2025
 [INFO] Parsed key-value pair: username = testuser5
Sun May 25 15:56:17 2025
 [INFO] Parsed key-value pair: password = testpass5
Sun May 25 15:56:17 2025
 [INFO] User logged in: testuser5
Sun May 25 15:56:17 2025
 [INFO] Closed connection on fd 6
Sun May 25 15:57:07 2025
 [INFO] Server listening on port 8081
Sun May 25 15:57:07 2025
 [INFO] Set socket 4 to non-blocking
Sun May 25 15:57:07 2025
 [INFO] Epoll instance created with fd 5
Sun May 25 15:57:07 2025
 [INFO] Server socket added to epoll instance
Sun May 25 15:57:28 2025
 [INFO] Set socket 6 to non-blocking
Sun May 25 15:57:28 2025
 [INFO] Parsing body: username=testuser5&password=testpass5
Sun May 25 15:57:28 2025
 [INFO] Parsed key-value pair: username = testuser5
Sun May 25 15:57:28 2025
 [INFO] Parsed key-value pair: password = testpass5
Sun May 25 15:57:28 2025
 [INFO] User logged in: testuser5
Sun May 25 15:57:28 2025
 [INFO] Closed connection on fd 6
Sun May 25 16:06:20 2025
 [INFO] Server listening on port 8081
Sun May 25 16:06:20 2025
 [INFO] Set socket 4 to non-blocking
Sun May 25 16:06:20 2025
 [INFO] Epoll instance created with fd 5
Sun May 25 16:06:20 2025
 [INFO] Server socket added to epoll instance


Wed May 28 16:31:28 2025
 [INFO] Routes setup completed.
Wed May 28 16:31:28 2025
 [INFO] Routes setup completed.
Wed May 28 16:31:28 2025
 [INFO] Server listening on port 9000
Wed May 28 16:31:28 2025
 [INFO] Set socket 4 to non-blocking
Wed May 28 16:31:28 2025
 [INFO] Epoll instance created with fd 5
Wed May 28 16:31:40 2025
 [INFO] Accepted new connection, fd: 6
Wed May 28 16:31:40 2025
 [INFO] Set socket 6 to non-blocking
Wed May 28 16:31:40 2025
 [INFO] SSL object created and set for fd: 6
Wed May 28 16:31:40 2025
 [INFO] Added SSL object for fd: 6 to map
Wed May 28 16:31:40 2025
 [INFO] Handling connection for fd: 6
Wed May 28 16:31:40 2025
 [INFO] Found SSL object for fd: 6 in map
Wed May 28 16:31:40 2025
 [INFO] SSL_read needs more data, waiting for next epoll event.
Wed May 28 16:31:40 2025
 [INFO] Handling connection for fd: 6
Wed May 28 16:31:40 2025
 [INFO] Found SSL object for fd: 6 in map
Wed May 28 16:31:40 2025
 [INFO] SSL_read needs more data, waiting for next epoll event.
Wed May 28 16:31:40 2025
 [INFO] Handling connection for fd: 6
Wed May 28 16:31:40 2025
 [INFO] Found SSL object for fd: 6 in map
Wed May 28 16:31:40 2025
 [INFO] Response sent to client
Wed May 28 16:39:08 2025
 [INFO] Handling connection for fd: 6
Wed May 28 16:39:08 2025
 [INFO] Found SSL object for fd: 6 in map
Wed May 28 16:39:08 2025
 [INFO] SSL_read needs more data, waiting for next epoll event.
Wed May 28 16:42:00 2025
 [INFO] Accepted new connection, fd: 7
Wed May 28 16:42:00 2025
 [INFO] Set socket 7 to non-blocking
Wed May 28 16:42:00 2025
 [INFO] SSL object created and set for fd: 7
Wed May 28 16:42:00 2025
 [INFO] Added SSL object for fd: 7 to map
Wed May 28 16:42:00 2025
 [INFO] Handling connection for fd: 7
Wed May 28 16:42:00 2025
 [INFO] Found SSL object for fd: 7 in map
Wed May 28 16:42:00 2025
 [INFO] SSL_read needs more data, waiting for next epoll event.
Wed May 28 16:42:00 2025
 [INFO] Handling connection for fd: 7
Wed May 28 16:42:00 2025
 [INFO] Found SSL object for fd: 7 in map
Wed May 28 16:42:00 2025
 [INFO] SSL_read needs more data, waiting for next epoll event.
Wed May 28 16:42:00 2025
 [INFO] Handling connection for fd: 7
Wed May 28 16:42:00 2025
 [INFO] Found SSL object for fd: 7 in map
Wed May 28 16:42:00 2025
 [INFO] Response sent to client
Wed May 28 16:42:25 2025
 [INFO] Handling connection for fd: 7
Wed May 28 16:42:25 2025
 [INFO] Found SSL object for fd: 7 in map
Wed May 28 16:42:25 2025
 [INFO] SSL_read needs more data, waiting for next epoll event.
Wed May 28 16:44:18 2025
 [INFO] Routes setup completed.
Wed May 28 16:44:18 2025
 [INFO] Routes setup completed.
Wed May 28 16:44:18 2025
 [INFO] Server listening on port 9000
Wed May 28 16:44:18 2025
 [INFO] Set socket 4 to non-blocking
Wed May 28 16:44:18 2025
 [INFO] Epoll instance created with fd 5
Wed May 28 16:44:22 2025
 [INFO] Accepted new connection, fd: 6
Wed May 28 16:44:22 2025
 [INFO] Set socket 6 to non-blocking
Wed May 28 16:44:22 2025
 [INFO] SSL object created and set for fd: 6
Wed May 28 16:44:22 2025
 [INFO] Added SSL object for fd: 6 to map
Wed May 28 16:44:22 2025
 [INFO] Handling connection for fd: 6
Wed May 28 16:44:22 2025
 [INFO] Found SSL object for fd: 6 in map
Wed May 28 16:44:22 2025
 [INFO] SSL_read needs more data, waiting for next epoll event.
Wed May 28 16:44:22 2025
 [INFO] Handling connection for fd: 6
Wed May 28 16:44:22 2025
 [INFO] Found SSL object for fd: 6 in map
Wed May 28 16:44:22 2025
 [INFO] Response sent to client
Wed May 28 16:44:31 2025
 [INFO] Accepted new connection, fd: 7
Wed May 28 16:44:31 2025
 [INFO] Set socket 7 to non-blocking
Wed May 28 16:44:31 2025
 [INFO] SSL object created and set for fd: 7
Wed May 28 16:44:31 2025
 [INFO] Added SSL object for fd: 7 to map
Wed May 28 16:44:31 2025
 [INFO] Handling connection for fd: 7
Wed May 28 16:44:31 2025
 [INFO] Found SSL object for fd: 7 in map
Wed May 28 16:44:31 2025
 [INFO] SSL_read needs more data, waiting for next epoll event.
Wed May 28 16:44:31 2025
 [INFO] Handling connection for fd: 7
Wed May 28 16:44:31 2025
 [INFO] Found SSL object for fd: 7 in map
Wed May 28 16:44:31 2025
 [INFO] SSL_read needs more data, waiting for next epoll event.
Wed May 28 16:44:31 2025
 [INFO] Handling connection for fd: 7
Wed May 28 16:44:31 2025
 [INFO] Found SSL object for fd: 7 in map
Wed May 28 16:44:31 2025
 [INFO] Response sent to client
Wed May 28 16:44:56 2025
 [INFO] Handling connection for fd: 6
Wed May 28 16:44:56 2025
 [INFO] Found SSL object for fd: 6 in map
Wed May 28 16:44:56 2025
 [INFO] SSL_read needs more data, waiting for next epoll event.
Wed May 28 16:46:26 2025
 [INFO] Handling connection for fd: 7
Wed May 28 16:46:26 2025
 [INFO] Found SSL object for fd: 7 in map
Wed May 28 16:46:26 2025
 [INFO] SSL_read needs more data, waiting for next epoll event.
Wed May 28 16:47:25 2025
 [INFO] Routes setup completed.
Wed May 28 16:47:25 2025
 [INFO] Routes setup completed.
Wed May 28 16:47:25 2025
 [INFO] Server listening on port 9000
Wed May 28 16:47:25 2025
 [INFO] Set socket 4 to non-blocking
Wed May 28 16:47:25 2025
 [INFO] Epoll instance created with fd 5
Wed May 28 16:47:28 2025
 [INFO] Accepted new connection, fd: 6
Wed May 28 16:47:28 2025
 [INFO] Set socket 6 to non-blocking
Wed May 28 16:47:28 2025
 [INFO] SSL object created and set for fd: 6
Wed May 28 16:47:28 2025
 [INFO] Added SSL object for fd: 6 to map
Wed May 28 16:47:28 2025
 [INFO] Handling connection for fd: 6
Wed May 28 16:47:28 2025
 [INFO] Found SSL object for fd: 6 in map
Wed May 28 16:47:28 2025
 [INFO] SSL_read needs more data, waiting for next epoll event.
Wed May 28 16:47:28 2025
 [INFO] Handling connection for fd: 6
Wed May 28 16:47:28 2025
 [INFO] Found SSL object for fd: 6 in map
Wed May 28 16:47:28 2025
 [INFO] SSL_read needs more data, waiting for next epoll event.
Wed May 28 16:47:28 2025
 [INFO] Handling connection for fd: 6
Wed May 28 16:47:28 2025
 [INFO] Found SSL object for fd: 6 in map
Wed May 28 16:47:28 2025
 [INFO] Response sent to client

Wed May 28 16:48:56 2025
 [INFO] Accepted new connection, fd: 7
Wed May 28 16:48:56 2025
 [INFO] Set socket 7 to non-blocking
Wed May 28 16:48:56 2025
 [INFO] SSL object created and set for fd: 7
Wed May 28 16:48:56 2025
 [INFO] Added SSL object for fd: 7 to map
Wed May 28 16:48:56 2025
 [INFO] Handling connection for fd: 7
Wed May 28 16:48:56 2025
 [INFO] Found SSL object for fd: 7 in map
Wed May 28 16:48:56 2025
 [INFO] SSL_read needs more data, waiting for next epoll event.
Wed May 28 16:48:56 2025
 [INFO] Handling connection for fd: 7
Wed May 28 16:48:56 2025
 [INFO] Found SSL object for fd: 7 in map
Wed May 28 16:48:56 2025
 [INFO] SSL_read needs more data, waiting for next epoll event.
Wed May 28 16:48:56 2025
 [INFO] Handling connection for fd: 7
Wed May 28 16:48:56 2025
 [INFO] Found SSL object for fd: 7 in map
Wed May 28 16:48:56 2025
 [INFO] Response sent to client
Wed May 28 16:49:26 2025
 [INFO] Handling connection for fd: 7
Wed May 28 16:49:26 2025
 [INFO] Found SSL object for fd: 7 in map
Wed May 28 16:49:26 2025
 [ERROR] SSL_read failed for fd: 7 with SSL error: 5
Wed May 28 16:49:26 2025
 [INFO] Removed SSL object for fd: 7 from map
Wed May 28 16:49:29 2025
 [INFO] Handling connection for fd: 6
Wed May 28 16:49:29 2025
 [INFO] Found SSL object for fd: 6 in map
Wed May 28 16:49:29 2025
 [ERROR] SSL_read failed for fd: 6 with SSL error: 5
Wed May 28 16:49:29 2025
 [INFO] Removed SSL object for fd: 6 from map
Wed May 28 16:49:40 2025
 [INFO] Accepted new connection, fd: 6
Wed May 28 16:49:40 2025
 [INFO] Set socket 6 to non-blocking
Wed May 28 16:49:40 2025
 [INFO] SSL object created and set for fd: 6
Wed May 28 16:49:40 2025
 [INFO] Added SSL object for fd: 6 to map
Wed May 28 16:49:40 2025
 [INFO] Handling connection for fd: 6
Wed May 28 16:49:40 2025
 [INFO] Found SSL object for fd: 6 in map
Wed May 28 16:49:40 2025
 [INFO] SSL_read needs more data, waiting for next epoll event.
Wed May 28 16:49:40 2025
 [INFO] Handling connection for fd: 6
Wed May 28 16:49:40 2025
 [INFO] Found SSL object for fd: 6 in map
Wed May 28 16:49:40 2025
 [INFO] SSL_read needs more data, waiting for next epoll event.
Wed May 28 16:49:40 2025
 [INFO] Handling connection for fd: 6
Wed May 28 16:49:40 2025
 [INFO] Found SSL object for fd: 6 in map
Wed May 28 16:49:40 2025
 [INFO] Response sent to client
Wed May 28 16:50:43 2025
 [INFO] Accepted new connection, fd: 7
Wed May 28 16:50:43 2025
 [INFO] Set socket 7 to non-blocking
Wed May 28 16:50:43 2025
 [INFO] SSL object created and set for fd: 7
Wed May 28 16:50:43 2025
 [INFO] Added SSL object for fd: 7 to map
Wed May 28 16:50:43 2025
 [INFO] Handling connection for fd: 7
Wed May 28 16:50:43 2025
 [INFO] Found SSL object for fd: 7 in map
Wed May 28 16:50:43 2025
 [INFO] SSL_read needs more data, waiting for next epoll event.
Wed May 28 16:50:43 2025
 [INFO] Handling connection for fd: 7
Wed May 28 16:50:43 2025
 [INFO] Found SSL object for fd: 7 in map
Wed May 28 16:50:43 2025
 [INFO] SSL_read needs more data, waiting for next epoll event.
Wed May 28 16:50:43 2025
 [INFO] Handling connection for fd: 7
Wed May 28 16:50:43 2025
 [INFO] Found SSL object for fd: 7 in map
Wed May 28 16:50:43 2025
 [INFO] Response sent to client
Wed May 28 16:51:04 2025
 [INFO] Handling connection for fd: 7
Wed May 28 16:51:04 2025
 [INFO] Found SSL object for fd: 7 in map
Wed May 28 16:51:04 2025
 [ERROR] SSL_read failed for fd: 7 with SSL error: 5
Wed May 28 16:51:04 2025
 [INFO] Removed SSL object for fd: 7 from map
Wed May 28 16:51:33 2025
 [INFO] Handling connection for fd: 6
Wed May 28 16:51:33 2025
 [INFO] Found SSL object for fd: 6 in map
Wed May 28 16:51:33 2025
 [ERROR] SSL_read failed for fd: 6 with SSL error: 5
Wed May 28 16:51:33 2025
 [INFO] Removed SSL object for fd: 6 from map
Wed May 28 16:51:43 2025
 [INFO] Accepted new connection, fd: 6
Wed May 28 16:51:43 2025
 [INFO] Set socket 6 to non-blocking
Wed May 28 16:51:43 2025
 [INFO] SSL object created and set for fd: 6
Wed May 28 16:51:43 2025
 [INFO] Added SSL object for fd: 6 to map
Wed May 28 16:51:43 2025
 [INFO] Handling connection for fd: 6
Wed May 28 16:51:43 2025
 [INFO] Found SSL object for fd: 6 in map
Wed May 28 16:51:43 2025
 [INFO] SSL_read needs more data, waiting for next epoll event.
Wed May 28 16:51:43 2025
 [INFO] Handling connection for fd: 6
Wed May 28 16:51:43 2025
 [INFO] Found SSL object for fd: 6 in map
Wed May 28 16:51:43 2025
 [INFO] SSL_read needs more data, waiting for next epoll event.
Wed May 28 16:51:43 2025
 [INFO] Handling connection for fd: 6
Wed May 28 16:51:43 2025
 [INFO] Found SSL object for fd: 6 in map
Wed May 28 16:51:43 2025
 [INFO] Response sent to client
Wed May 28 16:52:00 2025
 [INFO] Handling connection for fd: 6
Wed May 28 16:52:00 2025
 [INFO] Found SSL object for fd: 6 in map
Wed May 28 16:52:00 2025
 [ERROR] SSL_read failed for fd: 6 with SSL error: 5
Wed May 28 16:52:00 2025
 [INFO] Removed SSL object for fd: 6 from map


